<?xml version="1.0" encoding="UTF-8"?>
<!-- Generated by org.testng.reporters.JUnitReportReporter -->
<testsuite skipped="0" hostname="DESKTOP-8ALM7GA" name="test.LoginTest" tests="1" failures="0" timestamp="23 Apr 2021 22:23:25 GMT" time="3.961" errors="0">
  <testcase name="vaidUsernameShouldBeAbleToLogin" time="3.961" classname="test.LoginTest"/>
</testsuite> <!-- test.LoginTest -->
